
> @risk-radar/web@2.0.0 build /Users/robiulawal/Projects/risk-radar/apps/web
> next build

  ▲ Next.js 14.2.35
  - Environments: .env.local

   Creating an optimized production build ...
 ✓ Compiled successfully
   Linting and checking validity of types ...
   Collecting page data ...
   Generating static pages (0/13) ...
(node:16141) Warning: `--localstorage-file` was provided without a valid path
(Use `node --trace-warnings ...` to show where the warning was created)
(node:16143) Warning: `--localstorage-file` was provided without a valid path
(Use `node --trace-warnings ...` to show where the warning was created)
(node:16146) Warning: `--localstorage-file` was provided without a valid path
(Use `node --trace-warnings ...` to show where the warning was created)
(node:16148) Warning: `--localstorage-file` was provided without a valid path
(Use `node --trace-warnings ...` to show where the warning was created)
(node:16149) Warning: `--localstorage-file` was provided without a valid path
(Use `node --trace-warnings ...` to show where the warning was created)
(node:16145) Warning: `--localstorage-file` was provided without a valid path
(Use `node --trace-warnings ...` to show where the warning was created)
   Generating static pages (3/13) 
   Generating static pages (6/13) 
(node:16147) Warning: `--localstorage-file` was provided without a valid path
(Use `node --trace-warnings ...` to show where the warning was created)
   Generating static pages (9/13) 
(node:16144) Warning: `--localstorage-file` was provided without a valid path
(Use `node --trace-warnings ...` to show where the warning was created)
 ✓ Generating static pages (13/13)
   Finalizing page optimization ...
   Collecting build traces ...

Route (app)                              Size     First Load JS
┌ ○ /                                    5.93 kB         145 kB
├ ○ /_not-found                          877 B          88.5 kB
├ ○ /auth/login                          3.61 kB         195 kB
├ ○ /auth/signup                         3.42 kB         195 kB
├ ○ /dashboard/analytics                 104 kB          268 kB
├ ○ /dashboard/map                       7.9 kB          200 kB
├ ○ /dashboard/rankings                  2.57 kB         132 kB
├ ○ /dashboard/report                    6.09 kB         180 kB
├ ○ /dashboard/settings                  3.67 kB         186 kB
├ ○ /dashboard/social-radar              2.18 kB         174 kB
└ ○ /dashboard/sos                       2.16 kB         180 kB
+ First Load JS shared by all            87.7 kB
  ├ chunks/0a8b1846-a91deea37ea6e7cf.js  53.7 kB
  ├ chunks/526-f0288ef2962049b1.js       31.9 kB
  └ other shared chunks (total)          2.09 kB


○  (Static)  prerendered as static content

